[debug] [2022-12-24T03:52:30.254Z] ----------------------------------------------------------------------
[debug] [2022-12-24T03:52:30.256Z] Command:       /home/gitpod/.nvm/versions/node/v16.18.1/bin/node /home/gitpod/.nvm/versions/node/v16.18.1/bin/firebase login
[debug] [2022-12-24T03:52:30.256Z] CLI Version:   11.19.0
[debug] [2022-12-24T03:52:30.256Z] Platform:      linux
[debug] [2022-12-24T03:52:30.256Z] Node Version:  v16.18.1
[debug] [2022-12-24T03:52:30.257Z] Time:          Sat Dec 24 2022 03:52:30 GMT+0000 (Coordinated Universal Time)
[debug] [2022-12-24T03:52:30.257Z] ----------------------------------------------------------------------
[debug] 
[debug] [2022-12-24T03:52:30.259Z] >>> [apiv2][query] GET https://firebase-public.firebaseio.com/cli.json [none]
[info] i  Firebase optionally collects CLI and Emulator Suite usage and error reporting information to help improve our products. Data is collected in accordance with Google's privacy policy (https://policies.google.com/privacy) and is not used to identify you.
 
[debug] [2022-12-24T03:52:30.514Z] <<< [apiv2][status] GET https://firebase-public.firebaseio.com/cli.json 200
[debug] [2022-12-24T03:52:30.514Z] <<< [apiv2][body] GET https://firebase-public.firebaseio.com/cli.json {"cloudBuildErrorAfter":1594252800000,"cloudBuildWarnAfter":1590019200000,"defaultNode10After":1594252800000,"minVersion":"3.0.5","node8DeploysDisabledAfter":1613390400000,"node8RuntimeDisabledAfter":1615809600000,"node8WarnAfter":1600128000000}
[info] i  To change your data collection preference at any time, run `firebase logout` and log in again. 
[info] 
[info] Visit this URL on this device to log in:
[info] https://accounts.google.com/o/oauth2/auth?client_id=563584335869-fgrhgmd47bqnekij5i8b5pr03ho849e6.apps.googleusercontent.com&scope=email%20openid%20https%3A%2F%2Fwww.googleapis.com%2Fauth%2Fcloudplatformprojects.readonly%20https%3A%2F%2Fwww.googleapis.com%2Fauth%2Ffirebase%20https%3A%2F%2Fwww.googleapis.com%2Fauth%2Fcloud-platform&response_type=code&state=452449554&redirect_uri=http%3A%2F%2Flocalhost%3A9005
[info] 
[info] Waiting for authentication...
[debug] [2022-12-24T03:52:50.114Z] >>> [apiv2][query] POST https://auth.firebase.tools/attest [none]
[debug] [2022-12-24T03:52:50.114Z] >>> [apiv2][body] POST https://auth.firebase.tools/attest {"session_id":"db3d945f-6519-45c3-8ff7-254df5cc2534"}
[debug] [2022-12-24T03:52:50.617Z] <<< [apiv2][status] POST https://auth.firebase.tools/attest 200
[debug] [2022-12-24T03:52:50.617Z] <<< [apiv2][body] POST https://auth.firebase.tools/attest {"token":"2B6KS1sl_IqF4VaU3R8If4nPWcdwdcZcuJ82UZRhxU8"}
[info] 
[info] To sign in to the Firebase CLI:
[info] 
[info] 1. Take note of your session ID:
[info] 
[info]    DB3D9
[info] 
[info] 2. Visit the URL below on any device and follow the instructions to get your code:
[info] 
[info]    https://auth.firebase.tools/login?code_challenge=nWK6Op5mC7xuZH_bAaJn9Sj2-g77i3XQW77aAdweEtw&session=db3d945f-6519-45c3-8ff7-254df5cc2534&attest=2B6KS1sl_IqF4VaU3R8If4nPWcdwdcZcuJ82UZRhxU8
[info] 
[info] 3. Paste or enter the authorization code below once you have it:
[info] 
[debug] [2022-12-24T03:53:23.675Z] ----------------------------------------------------------------------
[debug] [2022-12-24T03:53:23.677Z] Command:       /home/gitpod/.nvm/versions/node/v16.18.1/bin/node /home/gitpod/.nvm/versions/node/v16.18.1/bin/firebase login --no-localhost
[debug] [2022-12-24T03:53:23.678Z] CLI Version:   11.19.0
[debug] [2022-12-24T03:53:23.678Z] Platform:      linux
[debug] [2022-12-24T03:53:23.678Z] Node Version:  v16.18.1
[debug] [2022-12-24T03:53:23.678Z] Time:          Sat Dec 24 2022 03:53:23 GMT+0000 (Coordinated Universal Time)
[debug] [2022-12-24T03:53:23.679Z] ----------------------------------------------------------------------
[debug] 
[info] i  Firebase optionally collects CLI and Emulator Suite usage and error reporting information to help improve our products. Data is collected in accordance with Google's privacy policy (https://policies.google.com/privacy) and is not used to identify you.
 
[info] i  To change your data collection preference at any time, run `firebase logout` and log in again. 
[debug] [2022-12-24T03:53:25.704Z] >>> [apiv2][query] POST https://auth.firebase.tools/attest [none]
[debug] [2022-12-24T03:53:25.704Z] >>> [apiv2][body] POST https://auth.firebase.tools/attest {"session_id":"1bad980c-6359-421d-943f-59ead1c7a8e6"}
[debug] [2022-12-24T03:53:26.025Z] <<< [apiv2][status] POST https://auth.firebase.tools/attest 200
[debug] [2022-12-24T03:53:26.025Z] <<< [apiv2][body] POST https://auth.firebase.tools/attest {"token":"qiRxHFLccOZjuWsbNuB8-H5ZuTtTLXXyguAzauDkz4g"}
[info] 
[info] To sign in to the Firebase CLI:
[info] 
[info] 1. Take note of your session ID:
[info] 
[info]    1BAD9
[info] 
[info] 2. Visit the URL below on any device and follow the instructions to get your code:
[info] 
[info]    https://auth.firebase.tools/login?code_challenge=2rnrqCN0lEqkJV91MJRqnt56AgXMsc3Rkf_RJ7q78-4&session=1bad980c-6359-421d-943f-59ead1c7a8e6&attest=qiRxHFLccOZjuWsbNuB8-H5ZuTtTLXXyguAzauDkz4g
[info] 
[info] 3. Paste or enter the authorization code below once you have it:
[info] 
